#
# There is insufficient memory for the Java Runtime Environment to continue.
# Native memory allocation (mmap) failed to map 268435456 bytes for Failed to commit area from 0x0000000701400000 to 0x0000000711400000 of length 268435456.
# Possible reasons:
#   The system is out of physical RAM or swap space
#   The process is running with CompressedOops enabled, and the Java Heap may be blocking the growth of the native heap
# Possible solutions:
#   Reduce memory load on the system
#   Increase physical memory or swap space
#   Check if swap backing store is full
#   Decrease Java heap size (-Xmx/-Xms)
#   Decrease number of Java threads
#   Decrease Java thread stack sizes (-Xss)
#   Set larger code cache with -XX:ReservedCodeCacheSize=
# This output file may be truncated or incomplete.
#
#  Out of Memory Error (./src/hotspot/os/windows/os_windows.cpp:3387), pid=15880, tid=15368
#
# JRE version:  (11.0.14.1+1) (build )
# Java VM: OpenJDK 64-Bit Server VM (11.0.14.1+1, mixed mode, sharing, tiered, compressed oops, g1 gc, windows-amd64)
# No core dump will be written. Minidumps are not enabled by default on client versions of Windows
#

---------------  S U M M A R Y ------------

Command Line: -Dfile.encoding=UTF-8 

Host: Intel(R) Core(TM) i3-8100 CPU @ 3.60GHz, 4 cores, 15G,  Windows 10 , 64 bit Build 19041 (10.0.19041.3636)
Time: Mon Jan 22 16:51:35 2024 RTZ 4 (зима) elapsed time: 0.039641 seconds (0d 0h 0m 0s)

---------------  T H R E A D  ---------------

Current thread (0x000001f0868cb000):  JavaThread "Unknown thread" [_thread_in_vm, id=15368, stack(0x0000003880400000,0x0000003880500000)]

Stack: [0x0000003880400000,0x0000003880500000]
Native frames: (J=compiled Java code, j=interpreted, Vv=VM code, C=native code)
V  [jvm.dll+0x61e59a]
V  [jvm.dll+0x7aaca9]
V  [jvm.dll+0x7ac398]
V  [jvm.dll+0x7aca73]
V  [jvm.dll+0x24f9b8]
V  [jvm.dll+0x61b83a]
V  [jvm.dll+0x6100c5]
V  [jvm.dll+0x30772c]
V  [jvm.dll+0x3075b2]
V  [jvm.dll+0x30c2d6]
V  [jvm.dll+0x35272f]
V  [jvm.dll+0x352160]
V  [jvm.dll+0x2e4728]
V  [jvm.dll+0x2e5886]
V  [jvm.dll+0x784b07]
V  [jvm.dll+0x78628f]
V  [jvm.dll+0x35f479]
V  [jvm.dll+0x767aa0]
V  [jvm.dll+0x3ccf1f]
V  [jvm.dll+0x3cf2b1]
C  [jli.dll+0x5207]
C  [ucrtbase.dll+0x21bb2]
C  [KERNEL32.DLL+0x17344]
C  [ntdll.dll+0x526b1]


---------------  P R O C E S S  ---------------

Threads class SMR info:
_java_thread_list=0x000001f084ec1d90, length=0, elements={
}

Java Threads: ( => current thread )

Other Threads:
  0x000001f0868e5000 GCTaskThread "GC Thread#0" [stack: 0x0000003880500000,0x0000003880600000] [id=19512]
  0x000001f086942800 ConcurrentGCThread "G1 Main Marker" [stack: 0x0000003880600000,0x0000003880700000] [id=16480]
  0x000001f086943800 ConcurrentGCThread "G1 Conc#0" [stack: 0x0000003880700000,0x0000003880800000] [id=2372]

[error occurred during error reporting (printing all threads), id 0xc0000005, EXCEPTION_ACCESS_VIOLATION (0xc0000005) at pc=0x00007ffd427f3ef7]

VM state:not at safepoint (not fully initialized)

VM Mutex/Monitor currently owned by a thread:  ([mutex/lock_event])
[0x000001f0868c7ff0] Heap_lock - owner thread: 0x000001f0868cb000

Heap address: 0x0000000701400000, size: 4076 MB, Compressed Oops mode: Non-zero based: 0x0000000701400000
Narrow klass base: 0x0000000000000000, Narrow klass shift: 0

GC Heap History (0 events):
No events

Deoptimization events (0 events):
No events

Classes redefined (0 events):
No events

Internal exceptions (0 events):
No events

Events (1 events):
Event: 0.007 Loaded shared library D:\Unity\2022.3.11f1\Editor\Data\PlaybackEngines\AndroidPlayer\OpenJDK\bin\zip.dll


Dynamic libraries:
0x00007ff673ee0000 - 0x00007ff673eed000 	D:\Unity\2022.3.11f1\Editor\Data\PlaybackEngines\AndroidPlayer\OpenJDK\bin\java.exe
0x00007ffe36170000 - 0x00007ffe36368000 	C:\WINDOWS\SYSTEM32\ntdll.dll
0x00007ffe34f30000 - 0x00007ffe34fed000 	C:\WINDOWS\System32\KERNEL32.DLL
0x00007ffe33b20000 - 0x00007ffe33e16000 	C:\WINDOWS\System32\KERNELBASE.dll
0x00007ffe340a0000 - 0x00007ffe341a0000 	C:\WINDOWS\System32\ucrtbase.dll
0x00007ffe2eb20000 - 0x00007ffe2eb37000 	D:\Unity\2022.3.11f1\Editor\Data\PlaybackEngines\AndroidPlayer\OpenJDK\bin\jli.dll
0x00007ffe2eb80000 - 0x00007ffe2eb95000 	D:\Unity\2022.3.11f1\Editor\Data\PlaybackEngines\AndroidPlayer\OpenJDK\bin\VCRUNTIME140.dll
0x00007ffe34a70000 - 0x00007ffe34c0e000 	C:\WINDOWS\System32\USER32.dll
0x00007ffe341a0000 - 0x00007ffe341c2000 	C:\WINDOWS\System32\win32u.dll
0x00007ffe34f00000 - 0x00007ffe34f2c000 	C:\WINDOWS\System32\GDI32.dll
0x00007ffe26920000 - 0x00007ffe26bba000 	C:\WINDOWS\WinSxS\amd64_microsoft.windows.common-controls_6595b64144ccf1df_6.0.19041.3636_none_60b6a03d71f818d5\COMCTL32.dll
0x00007ffe339d0000 - 0x00007ffe33aea000 	C:\WINDOWS\System32\gdi32full.dll
0x00007ffe35180000 - 0x00007ffe3521e000 	C:\WINDOWS\System32\msvcrt.dll
0x00007ffe33930000 - 0x00007ffe339cd000 	C:\WINDOWS\System32\msvcp_win.dll
0x00007ffe34390000 - 0x00007ffe343c0000 	C:\WINDOWS\System32\IMM32.DLL
0x00007ffdee610000 - 0x00007ffdee6ab000 	D:\Unity\2022.3.11f1\Editor\Data\PlaybackEngines\AndroidPlayer\OpenJDK\bin\msvcp140.dll
0x00007ffd42500000 - 0x00007ffd43081000 	D:\Unity\2022.3.11f1\Editor\Data\PlaybackEngines\AndroidPlayer\OpenJDK\bin\server\jvm.dll
0x00007ffe34280000 - 0x00007ffe3432f000 	C:\WINDOWS\System32\ADVAPI32.dll
0x00007ffe34420000 - 0x00007ffe344bc000 	C:\WINDOWS\System32\sechost.dll
0x00007ffe34cf0000 - 0x00007ffe34e16000 	C:\WINDOWS\System32\RPCRT4.dll
0x00007ffe36120000 - 0x00007ffe36128000 	C:\WINDOWS\System32\PSAPI.DLL
0x00007ffe22970000 - 0x00007ffe22979000 	C:\WINDOWS\SYSTEM32\WSOCK32.dll
0x00007ffe35220000 - 0x00007ffe3528b000 	C:\WINDOWS\System32\WS2_32.dll
0x00007ffe223d0000 - 0x00007ffe223f7000 	C:\WINDOWS\SYSTEM32\WINMM.dll
0x00007ffe2c880000 - 0x00007ffe2c88a000 	C:\WINDOWS\SYSTEM32\VERSION.dll
0x00007ffe31730000 - 0x00007ffe31742000 	C:\WINDOWS\SYSTEM32\kernel.appcore.dll
0x00007ffe2eb10000 - 0x00007ffe2eb20000 	D:\Unity\2022.3.11f1\Editor\Data\PlaybackEngines\AndroidPlayer\OpenJDK\bin\verify.dll
0x00007ffe2bed0000 - 0x00007ffe2c0b4000 	C:\WINDOWS\SYSTEM32\DBGHELP.DLL
0x00007ffe2b500000 - 0x00007ffe2b534000 	C:\WINDOWS\SYSTEM32\dbgcore.DLL
0x00007ffe338a0000 - 0x00007ffe33922000 	C:\WINDOWS\System32\bcryptPrimitives.dll
0x00007ffe17210000 - 0x00007ffe17238000 	D:\Unity\2022.3.11f1\Editor\Data\PlaybackEngines\AndroidPlayer\OpenJDK\bin\java.dll
0x00007ffe2eb00000 - 0x00007ffe2eb0a000 	D:\Unity\2022.3.11f1\Editor\Data\PlaybackEngines\AndroidPlayer\OpenJDK\bin\jimage.dll
0x00007ffe2daf0000 - 0x00007ffe2db08000 	D:\Unity\2022.3.11f1\Editor\Data\PlaybackEngines\AndroidPlayer\OpenJDK\bin\zip.dll

dbghelp: loaded successfully - version: 4.0.5 - missing functions: none
symbol engine: initialized successfully - sym options: 0x614 - pdb path: .;D:\Unity\2022.3.11f1\Editor\Data\PlaybackEngines\AndroidPlayer\OpenJDK\bin;C:\WINDOWS\SYSTEM32;C:\WINDOWS\WinSxS\amd64_microsoft.windows.common-controls_6595b64144ccf1df_6.0.19041.3636_none_60b6a03d71f818d5;D:\Unity\2022.3.11f1\Editor\Data\PlaybackEngines\AndroidPlayer\OpenJDK\bin\server

VM Arguments:
jvm_args: -Dfile.encoding=UTF-8 
java_command: <unknown>
java_class_path (initial): <not set>
Launcher Type: SUN_STANDARD

[Global flags]
     intx CICompilerCount                          = 3                                         {product} {ergonomic}
     uint ConcGCThreads                            = 1                                         {product} {ergonomic}
     uint G1ConcRefinementThreads                  = 4                                         {product} {ergonomic}
   size_t G1HeapRegionSize                         = 1048576                                   {product} {ergonomic}
    uintx GCDrainStackTargetSize                   = 64                                        {product} {ergonomic}
   size_t InitialHeapSize                          = 268435456                                 {product} {ergonomic}
   size_t MarkStackSize                            = 4194304                                   {product} {ergonomic}
   size_t MaxHeapSize                              = 4273995776                                {product} {ergonomic}
   size_t MinHeapDeltaBytes                        = 1048576                                   {product} {ergonomic}
    uintx NonNMethodCodeHeapSize                   = 5830732                                {pd product} {ergonomic}
    uintx NonProfiledCodeHeapSize                  = 122913754                              {pd product} {ergonomic}
    uintx ProfiledCodeHeapSize                     = 122913754                              {pd product} {ergonomic}
    uintx ReservedCodeCacheSize                    = 251658240                              {pd product} {ergonomic}
     bool SegmentedCodeCache                       = true                                      {product} {ergonomic}
     bool UseCompressedClassPointers               = true                                 {lp64_product} {ergonomic}
     bool UseCompressedOops                        = true                                 {lp64_product} {ergonomic}
     bool UseG1GC                                  = true                                      {product} {ergonomic}
     bool UseLargePagesIndividualAllocation        = false                                  {pd product} {ergonomic}

Logging:
Log output configuration:
 #0: stdout all=warning uptime,level,tags
 #1: stderr all=off uptime,level,tags

Environment Variables:
JAVA_HOME=D:\Unity\2022.3.11f1\Editor\Data\PlaybackEngines\AndroidPlayer\OpenJDK
JAVA_TOOL_OPTIONS=-Dfile.encoding=UTF-8
PATH=C:\Python312\Scripts\;C:\Python312\;C:\Program Files\National Instruments\Shared\OpenVINO\;C:\Program Files (x86)\Common Files\Oracle\Java\javapath;C:\ProgramData\Oracle\Java\javapath;C:\WINDOWS\system32;C:\WINDOWS;C:\WINDOWS\System32\Wbem;C:\WINDOWS\System32\WindowsPowerShell\v1.0\;C:\WINDOWS\System32\OpenSSH\;C:\Program Files (x86)\CodeBlocks\MinGW\bin\;C:\Program Files\NVIDIA Corporation\NVIDIA NvDLISR;C:\Program Files (x86)\CMake\cmake-3.16.0-rc4-win64-x64\bin;C:\Program Files (x86)\CMake\bin;C:\WINDOWS\system32;C:\WINDOWS;C:\WINDOWS\System32\Wbem;C:\WINDOWS\System32\WindowsPowerShell\v1.0\;C:\WINDOWS\System32\OpenSSH\;D:\Git\cmd;D:\Git\mingw64\bin;D:\Git\usr\bin;C:\Program Files (x86)\IVI Foundation\VISA\WinNT\Bin\;C:\Program Files\IVI Foundation\VISA\Win64\Bin\;C:\Program Files (x86)\NVIDIA Corporation\PhysX\Common;C:\Program Files\Java\jre1.8.0_333\bin;C:\Program Files\dotnet\;D:\Program Files (x86)\nodejs\;C:\ProgramData\chocolatey\bin;C:\Program Files\Microsoft SQL Server\150\Tools\Binn\;C:\Program Files\Microsoft SQL Server\Client SDK\ODBC\170\Tools\Binn\;C:\Program Files (x86)\Microsoft SQL Server\160\Tools\Binn\;C:\Program Files\Microsoft SQL Server\160\Tools\Binn\;C:\Program Files\Microsoft SQL Server\160\DTS\Binn\;C:\Users\Михалёвы\AppData\Local\Microsoft\WindowsApps;C:\Users\Михалёвы\.dotnet\tools;C:\Users\Михалёвы\AppData\Local\GitHubDesktop\bin;D:\PyCharm 2021.2.2\bin;D:\IntelliJ IDEA 2021.3.2\bin;C:\ProgramData\Михалёвы\GitHubDesktop\bin;C:\Users\Михалёвы\yandex-cloud\bin;C:\Program Files\Java\jre1.8.0_333\bin;C:\Users\Михалёвы\AppData\Local\JetBrains\Toolbox\scripts;C:\Users\Михалёвы\AppData\Roaming\npm;C:\Program Files\Azure Data Studio\bin
USERNAME=Михалёвы
OS=Windows_NT
PROCESSOR_IDENTIFIER=Intel64 Family 6 Model 158 Stepping 11, GenuineIntel



---------------  S Y S T E M  ---------------

OS: Windows 10 , 64 bit Build 19041 (10.0.19041.3636)
OS uptime: 0 days 7:04 hours

CPU:total 4 (initial active 4) (4 cores per cpu, 1 threads per core) family 6 model 158 stepping 11 microcode 0xb4, cmov, cx8, fxsr, mmx, sse, sse2, sse3, ssse3, sse4.1, sse4.2, popcnt, avx, avx2, aes, clmul, erms, 3dnowpref, lzcnt, tsc, tscinvbit, bmi1, bmi2, adx, fma

Memory: 4k page, system-wide physical 16301M (952M free)
TotalPageFile size 26301M (AvailPageFile size 87M)
current process WorkingSet (physical memory assigned to process): 10M, peak: 10M
current process commit charge ("private bytes"): 52M, peak: 308M

vm_info: OpenJDK 64-Bit Server VM (11.0.14.1+1) for windows-amd64 JRE (11.0.14.1+1), built on Feb  9 2022 01:48:27 by "" with unknown MS VC++:1916

END.
